Determining if the pthread_create exist failed with the following output:
Change Dir: /home/rpf/cv_bridge_ws/build/CMakeFiles/CMakeTmp

Run Build Command:"/usr/bin/make" "cmTC_3e87c/fast"
/usr/bin/make -f CMakeFiles/cmTC_3e87c.dir/build.make CMakeFiles/cmTC_3e87c.dir/build
make[1]: 进入目录“/home/rpf/cv_bridge_ws/build/CMakeFiles/CMakeTmp”
Building C object CMakeFiles/cmTC_3e87c.dir/CheckSymbolExists.c.o
/usr/bin/cc    -o CMakeFiles/cmTC_3e87c.dir/CheckSymbolExists.c.o   -c /home/rpf/cv_bridge_ws/build/CMakeFiles/CMakeTmp/CheckSymbolExists.c
Linking C executable cmTC_3e87c
/usr/bin/cmake -E cmake_link_script CMakeFiles/cmTC_3e87c.dir/link.txt --verbose=1
/usr/bin/cc      -rdynamic CMakeFiles/cmTC_3e87c.dir/CheckSymbolExists.c.o  -o cmTC_3e87c 
CMakeFiles/cmTC_3e87c.dir/CheckSymbolExists.c.o：在函数‘main’中：
CheckSymbolExists.c:(.text+0x1b)：对‘pthread_create’未定义的引用
collect2: error: ld returned 1 exit status
CMakeFiles/cmTC_3e87c.dir/build.make:97: recipe for target 'cmTC_3e87c' failed
make[1]: *** [cmTC_3e87c] Error 1
make[1]: 离开目录“/home/rpf/cv_bridge_ws/build/CMakeFiles/CMakeTmp”
Makefile:126: recipe for target 'cmTC_3e87c/fast' failed
make: *** [cmTC_3e87c/fast] Error 2

File /home/rpf/cv_bridge_ws/build/CMakeFiles/CMakeTmp/CheckSymbolExists.c:
/* */
#include <pthread.h>

int main(int argc, char** argv)
{
  (void)argv;
#ifndef pthread_create
  return ((int*)(&pthread_create))[argc];
#else
  (void)argc;
  return 0;
#endif
}

Determining if the function pthread_create exists in the pthreads failed with the following output:
Change Dir: /home/rpf/cv_bridge_ws/build/CMakeFiles/CMakeTmp

Run Build Command:"/usr/bin/make" "cmTC_a3386/fast"
/usr/bin/make -f CMakeFiles/cmTC_a3386.dir/build.make CMakeFiles/cmTC_a3386.dir/build
make[1]: 进入目录“/home/rpf/cv_bridge_ws/build/CMakeFiles/CMakeTmp”
Building C object CMakeFiles/cmTC_a3386.dir/CheckFunctionExists.c.o
/usr/bin/cc   -DCHECK_FUNCTION_EXISTS=pthread_create   -o CMakeFiles/cmTC_a3386.dir/CheckFunctionExists.c.o   -c /usr/share/cmake-3.10/Modules/CheckFunctionExists.c
Linking C executable cmTC_a3386
/usr/bin/cmake -E cmake_link_script CMakeFiles/cmTC_a3386.dir/link.txt --verbose=1
/usr/bin/cc  -DCHECK_FUNCTION_EXISTS=pthread_create    -rdynamic CMakeFiles/cmTC_a3386.dir/CheckFunctionExists.c.o  -o cmTC_a3386 -lpthreads 
/usr/bin/ld: 找不到 -lpthreads
collect2: error: ld returned 1 exit status
CMakeFiles/cmTC_a3386.dir/build.make:97: recipe for target 'cmTC_a3386' failed
make[1]: *** [cmTC_a3386] Error 1
make[1]: 离开目录“/home/rpf/cv_bridge_ws/build/CMakeFiles/CMakeTmp”
Makefile:126: recipe for target 'cmTC_a3386/fast' failed
make: *** [cmTC_a3386/fast] Error 2


